Traceback (most recent call last):
  File "/Users/pratikawasarmol/.pyenv/versions/3.11.8/bin/uvicorn", line 8, in <module>
    sys.exit(main())
             ^^^^^^
  File "/Users/pratikawasarmol/.pyenv/versions/3.11.8/lib/python3.11/site-packages/click/core.py", line 1514, in __call__
    return self.main(*args, **kwargs)
           ^^^^^^^^^^^^^^^^^^^^^^^^^^
  File "/Users/pratikawasarmol/.pyenv/versions/3.11.8/lib/python3.11/site-packages/click/core.py", line 1435, in main
    rv = self.invoke(ctx)
         ^^^^^^^^^^^^^^^^
  File "/Users/pratikawasarmol/.pyenv/versions/3.11.8/lib/python3.11/site-packages/click/core.py", line 1298, in invoke
    return ctx.invoke(self.callback, **ctx.params)
           ^^^^^^^^^^^^^^^^^^^^^^^^^^^^^^^^^^^^^^^
  File "/Users/pratikawasarmol/.pyenv/versions/3.11.8/lib/python3.11/site-packages/click/core.py", line 853, in invoke
    return callback(*args, **kwargs)
           ^^^^^^^^^^^^^^^^^^^^^^^^^
  File "/Users/pratikawasarmol/.pyenv/versions/3.11.8/lib/python3.11/site-packages/uvicorn/main.py", line 418, in main
    run(
  File "/Users/pratikawasarmol/.pyenv/versions/3.11.8/lib/python3.11/site-packages/uvicorn/main.py", line 587, in run
    server.run()
  File "/Users/pratikawasarmol/.pyenv/versions/3.11.8/lib/python3.11/site-packages/uvicorn/server.py", line 62, in run
    return asyncio.run(self.serve(sockets=sockets))
           ^^^^^^^^^^^^^^^^^^^^^^^^^^^^^^^^^^^^^^^^
  File "/Users/pratikawasarmol/.pyenv/versions/3.11.8/lib/python3.11/asyncio/runners.py", line 190, in run
    return runner.run(main)
           ^^^^^^^^^^^^^^^^
  File "/Users/pratikawasarmol/.pyenv/versions/3.11.8/lib/python3.11/asyncio/runners.py", line 118, in run
    return self._loop.run_until_complete(task)
           ^^^^^^^^^^^^^^^^^^^^^^^^^^^^^^^^^^^
  File "uvloop/loop.pyx", line 1518, in uvloop.loop.Loop.run_until_complete
  File "/Users/pratikawasarmol/.pyenv/versions/3.11.8/lib/python3.11/site-packages/uvicorn/server.py", line 69, in serve
    config.load()
  File "/Users/pratikawasarmol/.pyenv/versions/3.11.8/lib/python3.11/site-packages/uvicorn/config.py", line 458, in load
    self.loaded_app = import_from_string(self.app)
                      ^^^^^^^^^^^^^^^^^^^^^^^^^^^^
  File "/Users/pratikawasarmol/.pyenv/versions/3.11.8/lib/python3.11/site-packages/uvicorn/importer.py", line 21, in import_from_string
    module = importlib.import_module(module_str)
             ^^^^^^^^^^^^^^^^^^^^^^^^^^^^^^^^^^^
  File "/Users/pratikawasarmol/.pyenv/versions/3.11.8/lib/python3.11/importlib/__init__.py", line 126, in import_module
    return _bootstrap._gcd_import(name[level:], package, level)
           ^^^^^^^^^^^^^^^^^^^^^^^^^^^^^^^^^^^^^^^^^^^^^^^^^^^^
  File "<frozen importlib._bootstrap>", line 1204, in _gcd_import
  File "<frozen importlib._bootstrap>", line 1176, in _find_and_load
  File "<frozen importlib._bootstrap>", line 1147, in _find_and_load_unlocked
  File "<frozen importlib._bootstrap>", line 690, in _load_unlocked
  File "<frozen importlib._bootstrap_external>", line 940, in exec_module
  File "<frozen importlib._bootstrap>", line 241, in _call_with_frames_removed
  File "/Users/pratikawasarmol/Desktop/LivBOT/Kitkat/Kit-kat/backend/app/main.py", line 3, in <module>
    from app.api.routes import auth, chat, user
  File "/Users/pratikawasarmol/Desktop/LivBOT/Kitkat/Kit-kat/backend/app/api/routes/chat.py", line 9, in <module>
    from app.services.memory import store_memory, retrieve_memories
  File "/Users/pratikawasarmol/Desktop/LivBOT/Kitkat/Kit-kat/backend/app/services/memory.py", line 1, in <module>
    import chromadb
  File "/Users/pratikawasarmol/.pyenv/versions/3.11.8/lib/python3.11/site-packages/chromadb/__init__.py", line 3, in <module>
    from chromadb.api.client import Client as ClientCreator
  File "/Users/pratikawasarmol/.pyenv/versions/3.11.8/lib/python3.11/site-packages/chromadb/api/__init__.py", line 7, in <module>
    from chromadb.api.models.Collection import Collection
  File "/Users/pratikawasarmol/.pyenv/versions/3.11.8/lib/python3.11/site-packages/chromadb/api/models/Collection.py", line 7, in <module>
    import chromadb.utils.embedding_functions as ef
  File "/Users/pratikawasarmol/.pyenv/versions/3.11.8/lib/python3.11/site-packages/chromadb/utils/embedding_functions.py", line 6, in <module>
    from chromadb.api.types import (
  File "/Users/pratikawasarmol/.pyenv/versions/3.11.8/lib/python3.11/site-packages/chromadb/api/types.py", line 101, in <module>
    ImageDType = Union[np.uint, np.int_, np.float_]
                                         ^^^^^^^^^
  File "/Users/pratikawasarmol/.pyenv/versions/3.11.8/lib/python3.11/site-packages/numpy/__init__.py", line 778, in __getattr__
    raise AttributeError(
AttributeError: `np.float_` was removed in the NumPy 2.0 release. Use `np.float64` instead.
